<?xml version="1.0" encoding="UTF-8"?>
<testsuite xmlns:xsi="http://www.w3.org/2001/XMLSchema-instance" xsi:noNamespaceSchemaLocation="https://maven.apache.org/surefire/maven-surefire-plugin/xsd/surefire-test-report.xsd" version="3.0.2" name="com.gwen.smartlight.SmartlightApplicationTests" time="3.675" tests="1" errors="0" skipped="0" failures="0">
  <properties>
[...]
</properties>
  <testcase name="contextLoads" classname="com.gwen.smartlight.SmartlightApplicationTests" time="1.167">
    <system-out><![CDATA[15:54:21.003 [main] INFO org.springframework.test.context.support.AnnotationConfigContextLoaderUtils -- Could not detect default configuration classes for test class [com.gwen.smartlight.SmartlightApplicationTests]: SmartlightApplicationTests does not declare any static, non-private, non-final, nested classes annotated with @Configuration.
15:54:21.095 [main] INFO org.springframework.boot.test.context.SpringBootTestContextBootstrapper -- Found @SpringBootConfiguration com.gwen.smartlight.SmartlightApplication for test class com.gwen.smartlight.SmartlightApplicationTests

  .   ____          _            __ _ _
 /\\ / ___'_ __ _ _(_)_ __  __ _ \ \ \ \
( ( )\___ | '_ | '_| | '_ \/ _` | \ \ \ \
 \\/  ___)| |_)| | | | | || (_| |  ) ) ) )
  '  |____| .__|_| |_|_| |_\__, | / / / /
 =========|_|==============|___/=/_/_/_/

 :: Spring Boot ::                (v3.5.6)

2025-09-20T15:54:21.551+08:00  INFO 31356 --- [Smartlight] [           main] c.g.s.SmartlightApplicationTests         : Starting SmartlightApplicationTests using Java 22.0.2 with PID 31356 (started by MI in D:\Users\MI\OneDrive\Desktop\Smart_Street_Light\Back\v2.0\Smartlight)
2025-09-20T15:54:21.552+08:00  INFO 31356 --- [Smartlight] [           main] c.g.s.SmartlightApplicationTests         : No active profile set, falling back to 1 default profile: "default"
Logging initialized using 'class org.apache.ibatis.logging.stdout.StdOutImpl' adapter.
This primary key of "id" is primitive !不建议如此请使用包装类 in Class: "com.gwen.smartlight.entity.Light"
This primary key of "id" is primitive !不建议如此请使用包装类 in Class: "com.gwen.smartlight.entity.Sensor"
Initialization Sequence datacenterId:11 workerId:22
 _ _   |_  _ _|_. ___ _ |    _ 
| | |\/|_)(_| | |_\  |_)||_|_\ 
     /               |         
                        3.5.5 
2025-09-20T15:54:23.364+08:00  INFO 31356 --- [Smartlight] [           main] c.g.s.SmartlightApplicationTests         : Started SmartlightApplicationTests in 2.142 seconds (process running for 3.277)
Creating a new SqlSession
SqlSession [org.apache.ibatis.session.defaults.DefaultSqlSession@62de73eb] was not registered for synchronization because synchronization is not active
2025-09-20T15:54:23.932+08:00  INFO 31356 --- [Smartlight] [           main] com.zaxxer.hikari.HikariDataSource       : HikariPool-1 - Starting...
2025-09-20T15:54:24.466+08:00  INFO 31356 --- [Smartlight] [           main] com.zaxxer.hikari.pool.HikariPool        : HikariPool-1 - Added connection com.mysql.cj.jdbc.ConnectionImpl@77d959f1
2025-09-20T15:54:24.468+08:00  INFO 31356 --- [Smartlight] [           main] com.zaxxer.hikari.HikariDataSource       : HikariPool-1 - Start completed.
JDBC Connection [HikariProxyConnection@1424575977 wrapping com.mysql.cj.jdbc.ConnectionImpl@77d959f1] will not be managed by Spring
==>  Preparing: SELECT id,location,status,brightness,auto,create_time FROM light WHERE id=?
==> Parameters: 1(Integer)
<==    Columns: id, location, status, brightness, auto, create_time
<==        Row: 1, 南京西路, on, 80, on, 2025-09-19 10:00:00
<==      Total: 1
Closing non transactional SqlSession [org.apache.ibatis.session.defaults.DefaultSqlSession@62de73eb]
南京西路
]]></system-out>
    <system-err><![CDATA[Mockito is currently self-attaching to enable the inline-mock-maker. This will no longer work in future releases of the JDK. Please add Mockito as an agent to your build as described in Mockito's documentation: https://javadoc.io/doc/org.mockito/mockito-core/latest/org.mockito/org/mockito/Mockito.html#0.3
WARNING: A Java agent has been loaded dynamically (C:\Users\MI\.m2\repository\net\bytebuddy\byte-buddy-agent\1.17.7\byte-buddy-agent-1.17.7.jar)
WARNING: If a serviceability tool is in use, please run with -XX:+EnableDynamicAgentLoading to hide this warning
WARNING: If a serviceability tool is not in use, please run with -Djdk.instrument.traceUsage for more information
WARNING: Dynamic loading of agents will be disallowed by default in a future release
]]></system-err>
  </testcase>
</testsuite>